Using pre-set license
Built from '2022.3/staging' branch; Version is '2022.3.8f1 (b5eafc012955) revision 11922172'; Using compiler version '192829333'; Build Type 'Release'
OS: 'Windows 10  (10.0.19045) 64bit Core' Language: 'sv' Physical Memory: 31884 MB
BatchMode: 1, IsHumanControllingUs: 0, StartBugReporterOnCrash: 0, Is64bit: 1, IsPro: 1

COMMAND LINE ARGUMENTS:
E:\Unity\2022.3.8f1\Editor\Unity.exe
-adb2
-batchMode
-noUpm
-name
AssetImportWorker12
-projectPath
E:/Spel programmering/SpaceShooter
-logFile
Logs/AssetImportWorker12.log
-srvPort
51370
Successfully changed project path to: E:/Spel programmering/SpaceShooter
E:/Spel programmering/SpaceShooter
[UnityMemory] Configuration Parameters - Can be set up in boot.config
    "memorysetup-bucket-allocator-granularity=16"
    "memorysetup-bucket-allocator-bucket-count=8"
    "memorysetup-bucket-allocator-block-size=33554432"
    "memorysetup-bucket-allocator-block-count=8"
    "memorysetup-main-allocator-block-size=16777216"
    "memorysetup-thread-allocator-block-size=16777216"
    "memorysetup-gfx-main-allocator-block-size=16777216"
    "memorysetup-gfx-thread-allocator-block-size=16777216"
    "memorysetup-cache-allocator-block-size=4194304"
    "memorysetup-typetree-allocator-block-size=2097152"
    "memorysetup-profiler-bucket-allocator-granularity=16"
    "memorysetup-profiler-bucket-allocator-bucket-count=8"
    "memorysetup-profiler-bucket-allocator-block-size=33554432"
    "memorysetup-profiler-bucket-allocator-block-count=8"
    "memorysetup-profiler-allocator-block-size=16777216"
    "memorysetup-profiler-editor-allocator-block-size=1048576"
    "memorysetup-temp-allocator-size-main=16777216"
    "memorysetup-job-temp-allocator-block-size=2097152"
    "memorysetup-job-temp-allocator-block-size-background=1048576"
    "memorysetup-job-temp-allocator-reduction-small-platforms=262144"
    "memorysetup-allocator-temp-initial-block-size-main=262144"
    "memorysetup-allocator-temp-initial-block-size-worker=262144"
    "memorysetup-temp-allocator-size-background-worker=32768"
    "memorysetup-temp-allocator-size-job-worker=262144"
    "memorysetup-temp-allocator-size-preload-manager=33554432"
    "memorysetup-temp-allocator-size-nav-mesh-worker=65536"
    "memorysetup-temp-allocator-size-audio-worker=65536"
    "memorysetup-temp-allocator-size-cloud-worker=32768"
    "memorysetup-temp-allocator-size-gi-baking-worker=262144"
    "memorysetup-temp-allocator-size-gfx=262144"
Player connection [30168] Host "[IP] 192.168.121.231 [Port] 0 [Flags] 2 [Guid] 2271072080 [EditorId] 2271072080 [Version] 1048832 [Id] WindowsEditor(7,DESKTOP-O1A7C3H) [Debug] 1 [PackageName] WindowsEditor [ProjectName] Editor" joined multi-casting on [225.0.0.222:54997]...

Player connection [30168] Host "[IP] 192.168.121.231 [Port] 0 [Flags] 2 [Guid] 2271072080 [EditorId] 2271072080 [Version] 1048832 [Id] WindowsEditor(7,DESKTOP-O1A7C3H) [Debug] 1 [PackageName] WindowsEditor [ProjectName] Editor" joined alternative multi-casting on [225.0.0.222:34997]...

[Physics::Module] Initialized MultithreadedJobDispatcher with 15 workers.
Refreshing native plugins compatible for Editor in 9.15 ms, found 3 plugins.
Preloading 0 native plugins for Editor in 0.00 ms.
Initialize engine version: 2022.3.8f1 (b5eafc012955)
[Subsystems] Discovering subsystems at path E:/Unity/2022.3.8f1/Editor/Data/Resources/UnitySubsystems
[Subsystems] Discovering subsystems at path E:/Spel programmering/SpaceShooter/Assets
GfxDevice: creating device client; threaded=0; jobified=0
Direct3D:
    Version:  Direct3D 11.0 [level 11.1]
    Renderer: NVIDIA GeForce RTX 3060 (ID=0x2487)
    Vendor:   NVIDIA
    VRAM:     12124 MB
    Driver:   31.0.15.4617
Initialize mono
Mono path[0] = 'E:/Unity/2022.3.8f1/Editor/Data/Managed'
Mono path[1] = 'E:/Unity/2022.3.8f1/Editor/Data/MonoBleedingEdge/lib/mono/unityjit-win32'
Mono config path = 'E:/Unity/2022.3.8f1/Editor/Data/MonoBleedingEdge/etc'
Using monoOptions --debugger-agent=transport=dt_socket,embedding=1,server=y,suspend=n,address=127.0.0.1:56248
Begin MonoManager ReloadAssembly
Registering precompiled unity dll's ...
Register platform support module: E:/Unity/2022.3.8f1/Editor/Data/PlaybackEngines/WindowsStandaloneSupport/UnityEditor.WindowsStandalone.Extensions.dll
Registered in 0.009316 seconds.
- Loaded All Assemblies, in  0.237 seconds
Native extension for WindowsStandalone target not found
Mono: successfully reloaded assembly
- Finished resetting the current domain, in  0.147 seconds
Domain Reload Profiling: 381ms
	BeginReloadAssembly (84ms)
		ExecutionOrderSort (0ms)
		DisableScriptedObjects (0ms)
		BackupInstance (0ms)
		ReleaseScriptingObjects (0ms)
		CreateAndSetChildDomain (0ms)
	RebuildCommonClasses (21ms)
	RebuildNativeTypeToScriptingClass (6ms)
	initialDomainReloadingComplete (46ms)
	LoadAllAssembliesAndSetupDomain (76ms)
		LoadAssemblies (82ms)
		RebuildTransferFunctionScriptingTraits (0ms)
		AnalyzeDomain (75ms)
			TypeCache.Refresh (74ms)
				TypeCache.ScanAssembly (66ms)
			ScanForSourceGeneratedMonoScriptInfo (0ms)
			ResolveRequiredComponents (0ms)
	FinalizeReload (147ms)
		ReleaseScriptCaches (0ms)
		RebuildScriptCaches (0ms)
		SetupLoadedEditorAssemblies (114ms)
			LogAssemblyErrors (0ms)
			InitializePlatformSupportModulesInManaged (7ms)
			SetLoadedEditorAssemblies (4ms)
			RefreshPlugins (0ms)
			BeforeProcessingInitializeOnLoad (2ms)
			ProcessInitializeOnLoadAttributes (73ms)
			ProcessInitializeOnLoadMethodAttributes (28ms)
			AfterProcessingInitializeOnLoad (0ms)
			EditorAssembliesLoaded (0ms)
		ExecutionOrderSort2 (0ms)
		AwakeInstancesAfterBackupRestoration (0ms)
========================================================================
Worker process is ready to serve import requests
Begin MonoManager ReloadAssembly
- Loaded All Assemblies, in  0.425 seconds
Refreshing native plugins compatible for Editor in 3.69 ms, found 3 plugins.
Native extension for WindowsStandalone target not found
Package Manager log level set to [2]
[Package Manager] Server::EnsureServerProcessIsRunning -- launch failed, reason: Unity was launched with the -noUpm command-line argument
[Package Manager] UpmClient::Send -- Unable to send message (not connected to UPM process).
[Package Manager] Cannot connect to Unity Package Manager local server
Mono: successfully reloaded assembly
- Finished resetting the current domain, in  0.314 seconds
Domain Reload Profiling: 734ms
	BeginReloadAssembly (109ms)
		ExecutionOrderSort (0ms)
		DisableScriptedObjects (4ms)
		BackupInstance (0ms)
		ReleaseScriptingObjects (0ms)
		CreateAndSetChildDomain (15ms)
	RebuildCommonClasses (20ms)
	RebuildNativeTypeToScriptingClass (6ms)
	initialDomainReloadingComplete (30ms)
	LoadAllAssembliesAndSetupDomain (254ms)
		LoadAssemblies (227ms)
		RebuildTransferFunctionScriptingTraits (0ms)
		AnalyzeDomain (95ms)
			TypeCache.Refresh (85ms)
				TypeCache.ScanAssembly (76ms)
			ScanForSourceGeneratedMonoScriptInfo (7ms)
			ResolveRequiredComponents (2ms)
	FinalizeReload (314ms)
		ReleaseScriptCaches (0ms)
		RebuildScriptCaches (0ms)
		SetupLoadedEditorAssemblies (237ms)
			LogAssemblyErrors (0ms)
			InitializePlatformSupportModulesInManaged (5ms)
			SetLoadedEditorAssemblies (2ms)
			RefreshPlugins (0ms)
			BeforeProcessingInitializeOnLoad (46ms)
			ProcessInitializeOnLoadAttributes (164ms)
			ProcessInitializeOnLoadMethodAttributes (9ms)
			AfterProcessingInitializeOnLoad (11ms)
			EditorAssembliesLoaded (0ms)
		ExecutionOrderSort2 (0ms)
		AwakeInstancesAfterBackupRestoration (4ms)
Launched and connected shader compiler UnityShaderCompiler.exe after 0.05 seconds
Refreshing native plugins compatible for Editor in 3.62 ms, found 3 plugins.
Preloading 0 native plugins for Editor in 0.00 ms.
Unloading 3130 Unused Serialized files (Serialized files now loaded: 0)
Unloading 31 unused Assets / (56.6 KB). Loaded Objects now: 3593.
Memory consumption went from 119.1 MB to 119.0 MB.
Total: 2.127200 ms (FindLiveObjects: 0.155500 ms CreateObjectMapping: 0.047400 ms MarkObjects: 1.846600 ms  DeleteObjects: 0.077100 ms)

AssetImportParameters requested are different than current active one (requested -> active):
  custom:container-demuxer-ogg: 62fdf1f143b41e24485cea50d1cbac27 -> 
  custom:video-decoder-ogg-theora: a1e56fd34408186e4bbccfd4996cb3dc -> 
  custom:framework-win-MediaFoundation: 216162199b28c13a410421893ffa2e32 -> 
  custom:CustomObjectIndexerAttribute: 756ad292c208cfabdd7b50bc23989ffe -> 
  custom:container-demuxer-webm: 4f35f7cbe854078d1ac9338744f61a02 -> 
  custom:container-muxer-webm: aa71ff27fc2769a1b78a27578f13a17b -> 
  custom:video-decoder-webm-vp8: 9c59270c3fd7afecdb556c50c9e8de78 -> 
  custom:SearchIndexIgnoredProperties: e643bd26f0fe6173181afceb89e7c659 -> 
  custom:AudioImporter_EditorPlatform: d09bf68614088b80899f8185d706f6e7 -> 
  custom:video-encoder-webm-vp8: eb34c28f22e8b96e1ab97ce403110664 -> 
  custom:audio-decoder-ogg-vorbis: bf7c407c2cedff20999df2af8eb42d56 -> 
  custom:audio-encoder-webm-vorbis: bf7c407c2cedff20999df2af8eb42d56 -> 
========================================================================
Received Import Request.
  Time since last request: 4447.281687 seconds.
  path: Assets/asteroid 1.prefab
  artifactKey: Guid(9277bae274bb8e84c9bd3d9cd6385dc9) Importer(815301076,1909f56bfc062723c751e8b465ee728b)
Start importing Assets/asteroid 1.prefab using Guid(9277bae274bb8e84c9bd3d9cd6385dc9) Importer(815301076,1909f56bfc062723c751e8b465ee728b)  -> (artifact id: '33747695532f2dd15870264db722ad22') in 0.061277 seconds
Number of updated asset objects reloaded before import = 0
Number of asset objects unloaded after import = 37
========================================================================
Received Import Request.
  Time since last request: 7.066465 seconds.
  path: Assets/asteroid 1.prefab
  artifactKey: Guid(9277bae274bb8e84c9bd3d9cd6385dc9) Importer(815301076,1909f56bfc062723c751e8b465ee728b)
Start importing Assets/asteroid 1.prefab using Guid(9277bae274bb8e84c9bd3d9cd6385dc9) Importer(815301076,1909f56bfc062723c751e8b465ee728b)  -> (artifact id: '35a6933fcd819b4ad8f5f1a79a832032') in 0.009092 seconds
Number of updated asset objects reloaded before import = 0
Number of asset objects unloaded after import = 37
========================================================================
Received Import Request.
  Time since last request: 0.000010 seconds.
  path: Assets/player1.prefab
  artifactKey: Guid(82833ee586ec76b4d94953a61859c974) Importer(815301076,1909f56bfc062723c751e8b465ee728b)
Start importing Assets/player1.prefab using Guid(82833ee586ec76b4d94953a61859c974) Importer(815301076,1909f56bfc062723c751e8b465ee728b)  -> (artifact id: '74e06ac7953a561666837fcdde387bfb') in 0.008630 seconds
Number of updated asset objects reloaded before import = 0
Number of asset objects unloaded after import = 22
========================================================================
Received Import Request.
  Time since last request: 18.832359 seconds.
  path: Assets/asteroid 1.prefab
  artifactKey: Guid(9277bae274bb8e84c9bd3d9cd6385dc9) Importer(815301076,1909f56bfc062723c751e8b465ee728b)
Start importing Assets/asteroid 1.prefab using Guid(9277bae274bb8e84c9bd3d9cd6385dc9) Importer(815301076,1909f56bfc062723c751e8b465ee728b)  -> (artifact id: '3823d019bce79f76a33ac4174c3bee39') in 0.009610 seconds
Number of updated asset objects reloaded before import = 0
Number of asset objects unloaded after import = 37
========================================================================
Received Import Request.
  Time since last request: 3.007052 seconds.
  path: Assets/asteroid 1.prefab
  artifactKey: Guid(9277bae274bb8e84c9bd3d9cd6385dc9) Importer(815301076,1909f56bfc062723c751e8b465ee728b)
Start importing Assets/asteroid 1.prefab using Guid(9277bae274bb8e84c9bd3d9cd6385dc9) Importer(815301076,1909f56bfc062723c751e8b465ee728b)  -> (artifact id: '54e1466bee8166764aee223aeafc975b') in 0.014559 seconds
Number of updated asset objects reloaded before import = 0
Number of asset objects unloaded after import = 37
========================================================================
Received Import Request.
  Time since last request: 0.000009 seconds.
  path: Assets/player1.prefab
  artifactKey: Guid(82833ee586ec76b4d94953a61859c974) Importer(815301076,1909f56bfc062723c751e8b465ee728b)
Start importing Assets/player1.prefab using Guid(82833ee586ec76b4d94953a61859c974) Importer(815301076,1909f56bfc062723c751e8b465ee728b)  -> (artifact id: '84c3e41f74eb321f4796d24911476d34') in 0.018650 seconds
Number of updated asset objects reloaded before import = 0
Number of asset objects unloaded after import = 22
========================================================================
Received Import Request.
  Time since last request: 40.171111 seconds.
  path: Assets/asteroid 1.prefab
  artifactKey: Guid(9277bae274bb8e84c9bd3d9cd6385dc9) Importer(815301076,1909f56bfc062723c751e8b465ee728b)
Start importing Assets/asteroid 1.prefab using Guid(9277bae274bb8e84c9bd3d9cd6385dc9) Importer(815301076,1909f56bfc062723c751e8b465ee728b)  -> (artifact id: '4174946233902f4337685da26de27e91') in 0.013250 seconds
Number of updated asset objects reloaded before import = 0
Number of asset objects unloaded after import = 37
========================================================================
Received Import Request.
  Time since last request: 6.517097 seconds.
  path: Assets/asteroid 1.prefab
  artifactKey: Guid(9277bae274bb8e84c9bd3d9cd6385dc9) Importer(815301076,1909f56bfc062723c751e8b465ee728b)
Start importing Assets/asteroid 1.prefab using Guid(9277bae274bb8e84c9bd3d9cd6385dc9) Importer(815301076,1909f56bfc062723c751e8b465ee728b)  -> (artifact id: 'd76fed02ce4129827302e95d1b6e66ff') in 0.008883 seconds
Number of updated asset objects reloaded before import = 0
Number of asset objects unloaded after import = 37
========================================================================
Received Import Request.
  Time since last request: 0.000009 seconds.
  path: Assets/Bullet.prefab
  artifactKey: Guid(76422f596a311c94799441dd00ab6561) Importer(815301076,1909f56bfc062723c751e8b465ee728b)
Start importing Assets/Bullet.prefab using Guid(76422f596a311c94799441dd00ab6561) Importer(815301076,1909f56bfc062723c751e8b465ee728b)  -> (artifact id: '0b3a14008f1dc4604e9b3eb93c6de1b9') in 0.003905 seconds
Number of updated asset objects reloaded before import = 0
Number of asset objects unloaded after import = 10
========================================================================
Received Import Request.
  Time since last request: 22.012864 seconds.
  path: Assets/asteroid 1.prefab
  artifactKey: Guid(9277bae274bb8e84c9bd3d9cd6385dc9) Importer(815301076,1909f56bfc062723c751e8b465ee728b)
Start importing Assets/asteroid 1.prefab using Guid(9277bae274bb8e84c9bd3d9cd6385dc9) Importer(815301076,1909f56bfc062723c751e8b465ee728b)  -> (artifact id: '89262f92b0440c6a36db20f073f5c944') in 0.009914 seconds
Number of updated asset objects reloaded before import = 0
Number of asset objects unloaded after import = 37
Editor requested this worker to shutdown with reason: Scaling down because of idle timeout
TcpMessagingSession - receive error: operation aborted. errorcode: 995, details: I/O-åtgärden har avbrutits därför att en tråd har avslutats eller för att ett program har begärt det.
AssetImportWorker is now disconnected from the server
Process exiting
Exiting without the bug reporter. Application will terminate with return code 0